1693255405535	geckodriver	INFO	Listening on 127.0.0.1:55390
1693255408580	mozrunner::runner	INFO	Running command: "C:\\Program Files\\Mozilla Firefox\\firefox.exe" "--marionette" "-headless" "-no-remote" "-profile" "C:\\Users\\Johnsi3\\AppData\\Local\\Temp\\rust_mozprofileMiMIHp"
*** You are running in headless mode.
console.warn: services.settings: Ignoring preference override of remote settings server
console.warn: services.settings: Allow by setting MOZ_REMOTE_SETTINGS_DEVTOOLS=1 in the environment
1693255409070	Marionette	INFO	Marionette enabled
Dynamically enable window occlusion 0
1693255409147	Marionette	INFO	Listening on port 55400
Read port: 55400
1693255409439	RemoteAgent	WARN	TLS certificate errors will be ignored for this session
[GFX1-]: RenderCompositorSWGL failed mapping default framebuffer, no dt
console.error: ({})
JavaScript error: resource://gre/modules/PromiseWorker.sys.mjs, line 102: Error: Could not get children of file(C:\Users\Johnsi3\AppData\Local\Temp\rust_mozprofileMiMIHp\thumbnails) because it does not exist
JavaScript error: resource://gre/modules/PromiseWorker.sys.mjs, line 102: Error: Could not get children of file(C:\Users\Johnsi3\AppData\Local\Temp\rust_mozprofileMiMIHp\thumbnails) because it does not exist
JavaScript error: resource://gre/modules/PromiseWorker.sys.mjs, line 102: Error: Could not get children of file(C:\Users\Johnsi3\AppData\Local\Temp\rust_mozprofileMiMIHp\thumbnails) because it does not exist
JavaScript error: resource://gre/modules/PromiseWorker.sys.mjs, line 102: Error: Could not get children of file(C:\Users\Johnsi3\AppData\Local\Temp\rust_mozprofileMiMIHp\thumbnails) because it does not exist
JavaScript error: resource://gre/modules/PromiseWorker.sys.mjs, line 102: Error: Could not get children of file(C:\Users\Johnsi3\AppData\Local\Temp\rust_mozprofileMiMIHp\thumbnails) because it does not exist
JavaScript error: resource://gre/modules/PromiseWorker.sys.mjs, line 102: Error: Could not get children of file(C:\Users\Johnsi3\AppData\Local\Temp\rust_mozprofileMiMIHp\thumbnails) because it does not exist
JavaScript error: resource://gre/modules/PromiseWorker.sys.mjs, line 102: Error: Could not get children of file(C:\Users\Johnsi3\AppData\Local\Temp\rust_mozprofileMiMIHp\thumbnails) because it does not exist
JavaScript error: , line 0: NS_ERROR_NOT_AVAILABLE
console.error: (new Error("Polling for changes failed: NetworkError: Network request failed.", "resource://services-settings/remote-settings.sys.mjs", 324))
1693356860351	addons.xpi	ERROR	System addon update list error Error: Failed downloading XML, status: 0, channelStatus: 2152398878, errorCode: 2, reason: error
JavaScript error: resource://gre/modules/PromiseWorker.sys.mjs, line 102: Error: Could not get children of file(C:\Users\Johnsi3\AppData\Local\Temp\rust_mozprofileMiMIHp\thumbnails) because it does not exist
JavaScript error: resource://gre/modules/PromiseWorker.sys.mjs, line 102: Error: Could not get children of file(C:\Users\Johnsi3\AppData\Local\Temp\rust_mozprofileMiMIHp\thumbnails) because it does not exist
JavaScript error: resource://gre/modules/PromiseWorker.sys.mjs, line 102: Error: Could not get children of file(C:\Users\Johnsi3\AppData\Local\Temp\rust_mozprofileMiMIHp\thumbnails) because it does not exist
JavaScript error: resource://gre/modules/PromiseWorker.sys.mjs, line 102: Error: Could not get children of file(C:\Users\Johnsi3\AppData\Local\Temp\rust_mozprofileMiMIHp\thumbnails) because it does not exist
JavaScript error: resource://gre/modules/PromiseWorker.sys.mjs, line 102: Error: Could not get children of file(C:\Users\Johnsi3\AppData\Local\Temp\rust_mozprofileMiMIHp\thumbnails) because it does not exist
JavaScript error: resource://gre/modules/PromiseWorker.sys.mjs, line 102: Error: Could not get children of file(C:\Users\Johnsi3\AppData\Local\Temp\rust_mozprofileMiMIHp\thumbnails) because it does not exist
JavaScript error: resource://gre/modules/PromiseWorker.sys.mjs, line 102: Error: Could not get children of file(C:\Users\Johnsi3\AppData\Local\Temp\rust_mozprofileMiMIHp\thumbnails) because it does not exist
JavaScript error: resource://gre/modules/PromiseWorker.sys.mjs, line 102: Error: Could not get children of file(C:\Users\Johnsi3\AppData\Local\Temp\rust_mozprofileMiMIHp\thumbnails) because it does not exist
JavaScript error: resource://gre/modules/PromiseWorker.sys.mjs, line 102: Error: Could not get children of file(C:\Users\Johnsi3\AppData\Local\Temp\rust_mozprofileMiMIHp\thumbnails) because it does not exist
JavaScript error: resource://gre/modules/PromiseWorker.sys.mjs, line 102: Error: Could not get children of file(C:\Users\Johnsi3\AppData\Local\Temp\rust_mozprofileMiMIHp\thumbnails) because it does not exist
JavaScript error: , line 0: NS_ERROR_NOT_AVAILABLE
console.error: RemoteSecuritySettings.jsm: 
  Failed to remove some intermediate certificates
console.error: RemoteSecuritySettings.jsm: 
  certStorage.addCerts failed: 2147500037
JavaScript error: resource://gre/modules/PromiseWorker.sys.mjs, line 102: Error: Could not get children of file(C:\Users\Johnsi3\AppData\Local\Temp\rust_mozprofileMiMIHp\thumbnails) because it does not exist
JavaScript error: resource://gre/modules/PromiseWorker.sys.mjs, line 102: Error: Could not get children of file(C:\Users\Johnsi3\AppData\Local\Temp\rust_mozprofileMiMIHp\thumbnails) because it does not exist
JavaScript error: resource://gre/modules/PromiseWorker.sys.mjs, line 102: Error: Could not get children of file(C:\Users\Johnsi3\AppData\Local\Temp\rust_mozprofileMiMIHp\thumbnails) because it does not exist
JavaScript error: resource://gre/modules/PromiseWorker.sys.mjs, line 102: Error: Could not get children of file(C:\Users\Johnsi3\AppData\Local\Temp\rust_mozprofileMiMIHp\thumbnails) because it does not exist
JavaScript error: resource://gre/modules/PromiseWorker.sys.mjs, line 102: Error: Could not get children of file(C:\Users\Johnsi3\AppData\Local\Temp\rust_mozprofileMiMIHp\thumbnails) because it does not exist
JavaScript error: resource://gre/modules/PromiseWorker.sys.mjs, line 102: Error: Could not get children of file(C:\Users\Johnsi3\AppData\Local\Temp\rust_mozprofileMiMIHp\thumbnails) because it does not exist
JavaScript error: resource://gre/modules/PromiseWorker.sys.mjs, line 102: Error: Could not get children of file(C:\Users\Johnsi3\AppData\Local\Temp\rust_mozprofileMiMIHp\thumbnails) because it does not exist
JavaScript error: resource://gre/modules/PromiseWorker.sys.mjs, line 102: Error: Could not get children of file(C:\Users\Johnsi3\AppData\Local\Temp\rust_mozprofileMiMIHp\thumbnails) because it does not exist
JavaScript error: resource://gre/modules/PromiseWorker.sys.mjs, line 102: Error: Could not get children of file(C:\Users\Johnsi3\AppData\Local\Temp\rust_mozprofileMiMIHp\thumbnails) because it does not exist
JavaScript error: resource://gre/modules/PromiseWorker.sys.mjs, line 102: Error: Could not get children of file(C:\Users\Johnsi3\AppData\Local\Temp\rust_mozprofileMiMIHp\thumbnails) because it does not exist
JavaScript error: resource://gre/modules/PromiseWorker.sys.mjs, line 102: Error: Could not get children of file(C:\Users\Johnsi3\AppData\Local\Temp\rust_mozprofileMiMIHp\thumbnails) because it does not exist
JavaScript error: resource://gre/modules/PromiseWorker.sys.mjs, line 102: Error: Could not get children of file(C:\Users\Johnsi3\AppData\Local\Temp\rust_mozprofileMiMIHp\thumbnails) because it does not exist
JavaScript error: resource://gre/modules/PromiseWorker.sys.mjs, line 102: Error: Could not get children of file(C:\Users\Johnsi3\AppData\Local\Temp\rust_mozprofileMiMIHp\thumbnails) because it does not exist
JavaScript error: resource://gre/modules/PromiseWorker.sys.mjs, line 102: Error: Could not get children of file(C:\Users\Johnsi3\AppData\Local\Temp\rust_mozprofileMiMIHp\thumbnails) because it does not exist
JavaScript error: resource://gre/modules/PromiseWorker.sys.mjs, line 102: Error: Could not get children of file(C:\Users\Johnsi3\AppData\Local\Temp\rust_mozprofileMiMIHp\thumbnails) because it does not exist
JavaScript error: , line 0: NS_ERROR_NOT_AVAILABLE
console.error: RemoteSecuritySettings.jsm: 
  certStorage.addCerts failed: 2147500037
JavaScript error: resource://gre/modules/PromiseWorker.sys.mjs, line 102: Error: Could not get children of file(C:\Users\Johnsi3\AppData\Local\Temp\rust_mozprofileMiMIHp\thumbnails) because it does not exist
JavaScript error: resource://gre/modules/PromiseWorker.sys.mjs, line 102: Error: Could not get children of file(C:\Users\Johnsi3\AppData\Local\Temp\rust_mozprofileMiMIHp\thumbnails) because it does not exist
JavaScript error: resource://gre/modules/PromiseWorker.sys.mjs, line 102: Error: Could not get children of file(C:\Users\Johnsi3\AppData\Local\Temp\rust_mozprofileMiMIHp\thumbnails) because it does not exist
JavaScript error: resource://gre/modules/PromiseWorker.sys.mjs, line 102: Error: Could not get children of file(C:\Users\Johnsi3\AppData\Local\Temp\rust_mozprofileMiMIHp\thumbnails) because it does not exist
JavaScript error: resource://gre/modules/PromiseWorker.sys.mjs, line 102: Error: Could not get children of file(C:\Users\Johnsi3\AppData\Local\Temp\rust_mozprofileMiMIHp\thumbnails) because it does not exist
JavaScript error: resource://gre/modules/PromiseWorker.sys.mjs, line 102: Error: Could not get children of file(C:\Users\Johnsi3\AppData\Local\Temp\rust_mozprofileMiMIHp\thumbnails) because it does not exist
JavaScript error: resource://gre/modules/PromiseWorker.sys.mjs, line 102: Error: Could not get children of file(C:\Users\Johnsi3\AppData\Local\Temp\rust_mozprofileMiMIHp\thumbnails) because it does not exist
JavaScript error: resource://gre/modules/PromiseWorker.sys.mjs, line 102: Error: Could not get children of file(C:\Users\Johnsi3\AppData\Local\Temp\rust_mozprofileMiMIHp\thumbnails) because it does not exist
Exiting due to channel error.
si3\AppData\Local\Temp\rust_mozprofileMBq0iR\thumbnails) because it does not exist
JavaScript error: resource://gre/modules/PromiseWorker.sys.mjs, line 102: Error: Could not get children of file(C:\Users\Johnsi3\AppData\Local\Temp\rust_mozprofileMBq0iR\thumbnails) because it does not exist
JavaScript error: resource://gre/modules/PromiseWorker.sys.mjs, line 102: Error: Could not get children of file(C:\Users\Johnsi3\AppData\Local\Temp\rust_mozprofileMBq0iR\thumbnails) because it does not exist
JavaScript error: resource://gre/modules/PromiseWorker.sys.mjs, line 102: Error: Could not get children of file(C:\Users\Johnsi3\AppData\Local\Temp\rust_mozprofileMBq0iR\thumbnails) because it does not exist
JavaScript error: resource://gre/modules/PromiseWorker.sys.mjs, line 102: Error: Could not get children of file(C:\Users\Johnsi3\AppData\Local\Temp\rust_mozprofileMBq0iR\thumbnails) because it does not exist
rofileS08l5u\thumbnails) because it does not exist
JavaScript error: resource://gre/modules/PromiseWorker.sys.mjs, line 102: Error: Could not get children of file(C:\Users\Johnsi3\AppData\Local\Temp\rust_mozprofileS08l5u\thumbnails) because it does not exist
JavaScript error: resource://gre/modules/PromiseWorker.sys.mjs, line 102: Error: Could not get children of file(C:\Users\Johnsi3\AppData\Local\Temp\rust_mozprofileS08l5u\thumbnails) because it does not exist
JavaScript error: resource://gre/modules/PromiseWorker.sys.mjs, line 102: Error: Could not get children of file(C:\Users\Johnsi3\AppData\Local\Temp\rust_mozprofileS08l5u\thumbnails) because it does not exist
 children of file(C:\Users\Johnsi3\AppData\Local\Temp\rust_mozprofileYiAGrp\thumbnails) because it does not exist
JavaScript error: resource://gre/modules/PromiseWorker.sys.mjs, line 102: Error: Could not get children of file(C:\Users\Johnsi3\AppData\Local\Temp\rust_mozprofileYiAGrp\thumbnails) because it does not exist
JavaScript error: resource://gre/modules/PromiseWorker.sys.mjs, line 102: Error: Could not get children of file(C:\Users\Johnsi3\AppData\Local\Temp\rust_mozprofileYiAGrp\thumbnails) because it does not exist
JavaScript error: resource://gre/modules/PromiseWorker.sys.mjs, line 102: Error: Could not get children of file(C:\Users\Johnsi3\AppData\Local\Temp\rust_mozprofileYiAGrp\thumbnails) because it does not exist
JavaScript error: resource://gre/modules/PromiseWorker.sys.mjs, line 102: Error: Could not get children of file(C:\Users\Johnsi3\AppData\Local\Temp\rust_mozprofileYiAGrp\thumbnails) because it does not exist
e/modules/PromiseWorker.sys.mjs, line 102: Error: Could not get children of file(C:\Users\Johnsi3\AppData\Local\Temp\rust_mozprofiles7ihBx\thumbnails) because it does not exist
JavaScript error: resource://gre/modules/PromiseWorker.sys.mjs, line 102: Error: Could not get children of file(C:\Users\Johnsi3\AppData\Local\Temp\rust_mozprofiles7ihBx\thumbnails) because it does not exist
JavaScript error: resource://gre/modules/PromiseWorker.sys.mjs, line 102: Error: Could not get children of file(C:\Users\Johnsi3\AppData\Local\Temp\rust_mozprofiles7ihBx\thumbnails) because it does not exist
JavaScript error: resource://gre/modules/PromiseWorker.sys.mjs, line 102: Error: Could not get children of file(C:\Users\Johnsi3\AppData\Local\Temp\rust_mozprofiles7ihBx\thumbnails) because it does not exist
JavaScript error: resource://gre/modules/PromiseWorker.sys.mjs, line 102: Error: Could not get children of file(C:\Users\Johnsi3\AppData\Local\Temp\rust_mozprofiles7ihBx\thumbnails) because it does not exist
JavaScript error: resource://gre/modules/PromiseWorker.sys.mjs, line 102: Error: Could not get children of file(C:\Users\Johnsi3\AppData\Local\Temp\rust_mozprofiles7ihBx\thumbnails) because it does not exist
 children of file(C:\Users\Johnsi3\AppData\Local\Temp\rust_mozprofilepPpQW6\thumbnails) because it does not exist
JavaScript error: resource://gre/modules/PromiseWorker.sys.mjs, line 102: Error: Could not get children of file(C:\Users\Johnsi3\AppData\Local\Temp\rust_mozprofilepPpQW6\thumbnails) because it does not exist
JavaScript error: resource://gre/modules/PromiseWorker.sys.mjs, line 102: Error: Could not get children of file(C:\Users\Johnsi3\AppData\Local\Temp\rust_mozprofilepPpQW6\thumbnails) because it does not exist
JavaScript error: resource://gre/modules/PromiseWorker.sys.mjs, line 102: Error: Could not get children of file(C:\Users\Johnsi3\AppData\Local\Temp\rust_mozprofilepPpQW6\thumbnails) because it does not exist
Exiting due to channel error.
e it does not exist
JavaScript error: resource://gre/modules/PromiseWorker.sys.mjs, line 102: Error: Could not get children of file(C:\Users\Johnsi3\AppData\Local\Temp\rust_mozprofilerN4YD4\thumbnails) because it does not exist
JavaScript error: resource://gre/modules/PromiseWorker.sys.mjs, line 102: Error: Could not get children of file(C:\Users\Johnsi3\AppData\Local\Temp\rust_mozprofilerN4YD4\thumbnails) because it does not exist
JavaScript error: resource://gre/modules/PromiseWorker.sys.mjs, line 102: Error: Could not get children of file(C:\Users\Johnsi3\AppData\Local\Temp\rust_mozprofilerN4YD4\thumbnails) because it does not exist
e/modules/PromiseWorker.sys.mjs, line 102: Error: Could not get children of file(C:\Users\Johnsi3\AppData\Local\Temp\rust_mozprofileAZwngQ\thumbnails) because it does not exist
JavaScript error: resource://gre/modules/PromiseWorker.sys.mjs, line 102: Error: Could not get children of file(C:\Users\Johnsi3\AppData\Local\Temp\rust_mozprofileAZwngQ\thumbnails) because it does not exist
JavaScript error: resource://gre/modules/PromiseWorker.sys.mjs, line 102: Error: Could not get children of file(C:\Users\Johnsi3\AppData\Local\Temp\rust_mozprofileAZwngQ\thumbnails) because it does not exist
JavaScript error: resource://gre/modules/PromiseWorker.sys.mjs, line 102: Error: Could not get children of file(C:\Users\Johnsi3\AppData\Local\Temp\rust_mozprofileAZwngQ\thumbnails) because it does not exist
JavaScript error: resource://gre/modules/PromiseWorker.sys.mjs, line 102: Error: Could not get children of file(C:\Users\Johnsi3\AppData\Local\Temp\rust_mozprofileAZwngQ\thumbnails) because it does not exist
JavaScript error: resource://gre/modules/PromiseWorker.sys.mjs, line 102: Error: Could not get children of file(C:\Users\Johnsi3\AppData\Local\Temp\rust_mozprofileAZwngQ\thumbnails) because it does not exist
JavaScript error: resource://gre/modules/PromiseWorker.sys.mjs, line 102: Error: Could not get children of file(C:\Users\Johnsi3\AppData\Local\Temp\rust_mozprofileAZwngQ\thumbnails) because it does not exist
 children of file(C:\Users\Johnsi3\AppData\Local\Temp\rust_mozprofilem9QHwp\thumbnails) because it does not exist
JavaScript error: resource://gre/modules/PromiseWorker.sys.mjs, line 102: Error: Could not get children of file(C:\Users\Johnsi3\AppData\Local\Temp\rust_mozprofilem9QHwp\thumbnails) because it does not exist
JavaScript error: resource://gre/modules/PromiseWorker.sys.mjs, line 102: Error: Could not get children of file(C:\Users\Johnsi3\AppData\Local\Temp\rust_mozprofilem9QHwp\thumbnails) because it does not exist
JavaScript error: resource://gre/modules/PromiseWorker.sys.mjs, line 102: Error: Could not get children of file(C:\Users\Johnsi3\AppData\Local\Temp\rust_mozprofilem9QHwp\thumbnails) because it does not exist
 does not exist
JavaScript error: resource://gre/modules/PromiseWorker.sys.mjs, line 102: Error: Could not get children of file(C:\Users\Johnsi3\AppData\Local\Temp\rust_mozprofileznDeUw\thumbnails) because it does not exist
JavaScript error: resource://gre/modules/PromiseWorker.sys.mjs, line 102: Error: Could not get children of file(C:\Users\Johnsi3\AppData\Local\Temp\rust_mozprofileznDeUw\thumbnails) because it does not exist
JavaScript error: resource://gre/modules/PromiseWorker.sys.mjs, line 102: Error: Could not get children of file(C:\Users\Johnsi3\AppData\Local\Temp\rust_mozprofileznDeUw\thumbnails) because it does not exist
JavaScript error: resource://gre/modules/PromiseWorker.sys.mjs, line 102: Error: Could not get children of file(C:\Users\Johnsi3\AppData\Local\Temp\rust_mozprofileznDeUw\thumbnails) because it does not exist
 children of file(C:\Users\Johnsi3\AppData\Local\Temp\rust_mozprofilecPL3R9\thumbnails) because it does not exist
JavaScript error: resource://gre/modules/PromiseWorker.sys.mjs, line 102: Error: Could not get children of file(C:\Users\Johnsi3\AppData\Local\Temp\rust_mozprofilecPL3R9\thumbnails) because it does not exist
JavaScript error: resource://gre/modules/PromiseWorker.sys.mjs, line 102: Error: Could not get children of file(C:\Users\Johnsi3\AppData\Local\Temp\rust_mozprofilecPL3R9\thumbnails) because it does not exist
JavaScript error: resource://gre/modules/PromiseWorker.sys.mjs, line 102: Error: Could not get children of file(C:\Users\Johnsi3\AppData\Local\Temp\rust_mozprofilecPL3R9\thumbnails) because it does not exist
JavaScript error: resource://gre/modules/PromiseWorker.sys.mjs, line 102: Error: Could not get children of file(C:\Users\Johnsi3\AppData\Local\Temp\rust_mozprofilecPL3R9\thumbnails) because it does not exist
 does not exist
JavaScript error: resource://gre/modules/PromiseWorker.sys.mjs, line 102: Error: Could not get children of file(C:\Users\Johnsi3\AppData\Local\Temp\rust_mozprofileJCM9N9\thumbnails) because it does not exist
JavaScript error: resource://gre/modules/PromiseWorker.sys.mjs, line 102: Error: Could not get children of file(C:\Users\Johnsi3\AppData\Local\Temp\rust_mozprofileJCM9N9\thumbnails) because it does not exist
JavaScript error: resource://gre/modules/PromiseWorker.sys.mjs, line 102: Error: Could not get children of file(C:\Users\Johnsi3\AppData\Local\Temp\rust_mozprofileJCM9N9\thumbnails) because it does not exist
JavaScript error: resource://gre/modules/PromiseWorker.sys.mjs, line 102: Error: Could not get children of file(C:\Users\Johnsi3\AppData\Local\Temp\rust_mozprofileJCM9N9\thumbnails) because it does not exist
Exiting due to channel error.
si3\AppData\Local\Temp\rust_mozprofileTSDvxx\thumbnails) because it does not exist
JavaScript error: resource://gre/modules/PromiseWorker.sys.mjs, line 102: Error: Could not get children of file(C:\Users\Johnsi3\AppData\Local\Temp\rust_mozprofileTSDvxx\thumbnails) because it does not exist
JavaScript error: resource://gre/modules/PromiseWorker.sys.mjs, line 102: Error: Could not get children of file(C:\Users\Johnsi3\AppData\Local\Temp\rust_mozprofileTSDvxx\thumbnails) because it does not exist
JavaScript error: resource://gre/modules/PromiseWorker.sys.mjs, line 102: Error: Could not get children of file(C:\Users\Johnsi3\AppData\Local\Temp\rust_mozprofileTSDvxx\thumbnails) because it does not exist
JavaScript error: resource://gre/modules/PromiseWorker.sys.mjs, line 102: Error: Could not get children of file(C:\Users\Johnsi3\AppData\Local\Temp\rust_mozprofileTSDvxx\thumbnails) because it does not exist
 does not exist
JavaScript error: resource://gre/modules/PromiseWorker.sys.mjs, line 102: Error: Could not get children of file(C:\Users\Johnsi3\AppData\Local\Temp\rust_mozprofilejOxUez\thumbnails) because it does not exist
JavaScript error: resource://gre/modules/PromiseWorker.sys.mjs, line 102: Error: Could not get children of file(C:\Users\Johnsi3\AppData\Local\Temp\rust_mozprofilejOxUez\thumbnails) because it does not exist
JavaScript error: resource://gre/modules/PromiseWorker.sys.mjs, line 102: Error: Could not get children of file(C:\Users\Johnsi3\AppData\Local\Temp\rust_mozprofilejOxUez\thumbnails) because it does not exist
JavaScript error: resource://gre/modules/PromiseWorker.sys.mjs, line 102: Error: Could not get children of file(C:\Users\Johnsi3\AppData\Local\Temp\rust_mozprofilejOxUez\thumbnails) because it does not exist
 children of file(C:\Users\Johnsi3\AppData\Local\Temp\rust_mozprofileW04145\thumbnails) because it does not exist
JavaScript error: resource://gre/modules/PromiseWorker.sys.mjs, line 102: Error: Could not get children of file(C:\Users\Johnsi3\AppData\Local\Temp\rust_mozprofileW04145\thumbnails) because it does not exist
JavaScript error: resource://gre/modules/PromiseWorker.sys.mjs, line 102: Error: Could not get children of file(C:\Users\Johnsi3\AppData\Local\Temp\rust_mozprofileW04145\thumbnails) because it does not exist
JavaScript error: resource://gre/modules/PromiseWorker.sys.mjs, line 102: Error: Could not get children of file(C:\Users\Johnsi3\AppData\Local\Temp\rust_mozprofileW04145\thumbnails) because it does not exist
JavaScript error: resource://gre/modules/PromiseWorker.sys.mjs, line 102: Error: Could not get children of file(C:\Users\Johnsi3\AppData\Local\Temp\rust_mozprofileW04145\thumbnails) because it does not exist
 does not exist
JavaScript error: resource://gre/modules/PromiseWorker.sys.mjs, line 102: Error: Could not get children of file(C:\Users\Johnsi3\AppData\Local\Temp\rust_mozprofilee5ioag\thumbnails) because it does not exist
JavaScript error: resource://gre/modules/PromiseWorker.sys.mjs, line 102: Error: Could not get children of file(C:\Users\Johnsi3\AppData\Local\Temp\rust_mozprofilee5ioag\thumbnails) because it does not exist
JavaScript error: resource://gre/modules/PromiseWorker.sys.mjs, line 102: Error: Could not get children of file(C:\Users\Johnsi3\AppData\Local\Temp\rust_mozprofilee5ioag\thumbnails) because it does not exist
JavaScript error: resource://gre/modules/PromiseWorker.sys.mjs, line 102: Error: Could not get children of file(C:\Users\Johnsi3\AppData\Local\Temp\rust_mozprofilee5ioag\thumbnails) because it does not exist
 children of file(C:\Users\Johnsi3\AppData\Local\Temp\rust_mozprofilesoEKDS\thumbnails) because it does not exist
JavaScript error: resource://gre/modules/PromiseWorker.sys.mjs, line 102: Error: Could not get children of file(C:\Users\Johnsi3\AppData\Local\Temp\rust_mozprofilesoEKDS\thumbnails) because it does not exist
JavaScript error: resource://gre/modules/PromiseWorker.sys.mjs, line 102: Error: Could not get children of file(C:\Users\Johnsi3\AppData\Local\Temp\rust_mozprofilesoEKDS\thumbnails) because it does not exist
JavaScript error: resource://gre/modules/PromiseWorker.sys.mjs, line 102: Error: Could not get children of file(C:\Users\Johnsi3\AppData\Local\Temp\rust_mozprofilesoEKDS\thumbnails) because it does not exist
JavaScript error: resource://gre/modules/PromiseWorker.sys.mjs, line 102: Error: Could not get children of file(C:\Users\Johnsi3\AppData\Local\Temp\rust_mozprofilesoEKDS\thumbnails) because it does not exist
 does not exist
JavaScript error: resource://gre/modules/PromiseWorker.sys.mjs, line 102: Error: Could not get children of file(C:\Users\Johnsi3\AppData\Local\Temp\rust_mozprofileLY0KL3\thumbnails) because it does not exist
JavaScript error: resource://gre/modules/PromiseWorker.sys.mjs, line 102: Error: Could not get children of file(C:\Users\Johnsi3\AppData\Local\Temp\rust_mozprofileLY0KL3\thumbnails) because it does not exist
JavaScript error: resource://gre/modules/PromiseWorker.sys.mjs, line 102: Error: Could not get children of file(C:\Users\Johnsi3\AppData\Local\Temp\rust_mozprofileLY0KL3\thumbnails) because it does not exist
JavaScript error: resource://gre/modules/PromiseWorker.sys.mjs, line 102: Error: Could not get children of file(C:\Users\Johnsi3\AppData\Local\Temp\rust_mozprofileLY0KL3\thumbnails) because it does not exist
 children of file(C:\Users\Johnsi3\AppData\Local\Temp\rust_mozprofileqJdCgR\thumbnails) because it does not exist
JavaScript error: resource://gre/modules/PromiseWorker.sys.mjs, line 102: Error: Could not get children of file(C:\Users\Johnsi3\AppData\Local\Temp\rust_mozprofileqJdCgR\thumbnails) because it does not exist
JavaScript error: resource://gre/modules/PromiseWorker.sys.mjs, line 102: Error: Could not get children of file(C:\Users\Johnsi3\AppData\Local\Temp\rust_mozprofileqJdCgR\thumbnails) because it does not exist
JavaScript error: resource://gre/modules/PromiseWorker.sys.mjs, line 102: Error: Could not get children of file(C:\Users\Johnsi3\AppData\Local\Temp\rust_mozprofileqJdCgR\thumbnails) because it does not exist
JavaScript error: resource://gre/modules/PromiseWorker.sys.mjs, line 102: Error: Could not get children of file(C:\Users\Johnsi3\AppData\Local\Temp\rust_mozprofileqJdCgR\thumbnails) because it does not exist
seWorker.sys.mjs, line 102: Error: Could not get children of file(C:\Users\Johnsi3\AppData\Local\Temp\rust_mozprofileyJKSY2\thumbnails) because it does not exist
JavaScript error: resource://gre/modules/PromiseWorker.sys.mjs, line 102: Error: Could not get children of file(C:\Users\Johnsi3\AppData\Local\Temp\rust_mozprofileyJKSY2\thumbnails) because it does not exist
JavaScript error: resource://gre/modules/PromiseWorker.sys.mjs, line 102: Error: Could not get children of file(C:\Users\Johnsi3\AppData\Local\Temp\rust_mozprofileyJKSY2\thumbnails) because it does not exist
 children of file(C:\Users\Johnsi3\AppData\Local\Temp\rust_mozprofilej17iSG\thumbnails) because it does not exist
JavaScript error: resource://gre/modules/PromiseWorker.sys.mjs, line 102: Error: Could not get children of file(C:\Users\Johnsi3\AppData\Local\Temp\rust_mozprofilej17iSG\thumbnails) because it does not exist
JavaScript error: resource://gre/modules/PromiseWorker.sys.mjs, line 102: Error: Could not get children of file(C:\Users\Johnsi3\AppData\Local\Temp\rust_mozprofilej17iSG\thumbnails) because it does not exist
JavaScript error: resource://gre/modules/PromiseWorker.sys.mjs, line 102: Error: Could not get children of file(C:\Users\Johnsi3\AppData\Local\Temp\rust_mozprofilej17iSG\thumbnails) because it does not exist
JavaScript error: resource://gre/modules/PromiseWorker.sys.mjs, line 102: Error: Could not get children of file(C:\Users\Johnsi3\AppData\Local\Temp\rust_mozprofilej17iSG\thumbnails) because it does not exist
gs.jsm: 
  Failed to remove some intermediate certificates
console.error: RemoteSecuritySettings.jsm: 
  certStorage.addCerts failed: 2147500037
JavaScript error: resource://gre/modules/PromiseWorker.sys.mjs, line 102: Error: Could not get children of file(C:\Users\Johnsi3\AppData\Local\Temp\rust_mozprofileKo6LZg\thumbnails) because it does not exist
JavaScript error: , line 0: NS_ERROR_NOT_AVAILABLE
JavaScript error: resource://gre/modules/PromiseWorker.sys.mjs, line 102: Error: Could not get children of file(C:\Users\Johnsi3\AppData\Local\Temp\rust_mozprofileKo6LZg\thumbnails) because it does not exist
JavaScript error: resource://gre/modules/PromiseWorker.sys.mjs, line 102: Error: Could not get children of file(C:\Users\Johnsi3\AppData\Local\Temp\rust_mozprofileKo6LZg\thumbnails) because it does not exist
ror: RemoteSecuritySettings.jsm: 
  Failed to remove some intermediate certificates
console.error: RemoteSecuritySettings.jsm: 
  certStorage.addCerts failed: 2147500037
JavaScript error: resource://gre/modules/PromiseWorker.sys.mjs, line 102: Error: Could not get children of file(C:\Users\Johnsi3\AppData\Local\Temp\rust_mozprofile3RrWeb\thumbnails) because it does not exist
JavaScript error: , line 0: NS_ERROR_NOT_AVAILABLE
JavaScript error: resource://gre/modules/PromiseWorker.sys.mjs, line 102: Error: Could not get children of file(C:\Users\Johnsi3\AppData\Local\Temp\rust_mozprofile3RrWeb\thumbnails) because it does not exist
JavaScript error: resource://gre/modules/PromiseWorker.sys.mjs, line 102: Error: Could not get children of file(C:\Users\Johnsi3\AppData\Local\Temp\rust_mozprofile3RrWeb\thumbnails) because it does not exist
ror: RemoteSecuritySettings.jsm: 
  Failed to remove some intermediate certificates
console.error: RemoteSecuritySettings.jsm: 
  certStorage.addCerts failed: 2147500037
JavaScript error: resource://gre/modules/PromiseWorker.sys.mjs, line 102: Error: Could not get children of file(C:\Users\Johnsi3\AppData\Local\Temp\rust_mozprofile2ia5Is\thumbnails) because it does not exist
JavaScript error: , line 0: NS_ERROR_NOT_AVAILABLE
JavaScript error: resource://gre/modules/PromiseWorker.sys.mjs, line 102: Error: Could not get children of file(C:\Users\Johnsi3\AppData\Local\Temp\rust_mozprofile2ia5Is\thumbnails) because it does not exist
JavaScript error: resource://gre/modules/PromiseWorker.sys.mjs, line 102: Error: Could not get children of file(C:\Users\Johnsi3\AppData\Local\Temp\rust_mozprofile2ia5Is\thumbnails) because it does not exist
ror: RemoteSecuritySettings.jsm: 
  Failed to remove some intermediate certificates
console.error: RemoteSecuritySettings.jsm: 
  certStorage.addCerts failed: 2147500037
JavaScript error: resource://gre/modules/PromiseWorker.sys.mjs, line 102: Error: Could not get children of file(C:\Users\Johnsi3\AppData\Local\Temp\rust_mozprofilekphsDs\thumbnails) because it does not exist
JavaScript error: , line 0: NS_ERROR_NOT_AVAILABLE
JavaScript error: resource://gre/modules/PromiseWorker.sys.mjs, line 102: Error: Could not get children of file(C:\Users\Johnsi3\AppData\Local\Temp\rust_mozprofilekphsDs\thumbnails) because it does not exist
JavaScript error: resource://gre/modules/PromiseWorker.sys.mjs, line 102: Error: Could not get children of file(C:\Users\Johnsi3\AppData\Local\Temp\rust_mozprofilekphsDs\thumbnails) because it does not exist
Exiting due to channel error.
: 
  Failed to remove some intermediate certificates
console.error: RemoteSecuritySettings.jsm: 
  certStorage.addCerts failed: 2147500037
JavaScript error: resource://gre/modules/PromiseWorker.sys.mjs, line 102: Error: Could not get children of file(C:\Users\Johnsi3\AppData\Local\Temp\rust_mozprofile4dZwp1\thumbnails) because it does not exist
JavaScript error: , line 0: NS_ERROR_NOT_AVAILABLE
JavaScript error: resource://gre/modules/PromiseWorker.sys.mjs, line 102: Error: Could not get children of file(C:\Users\Johnsi3\AppData\Local\Temp\rust_mozprofile4dZwp1\thumbnails) because it does not exist
JavaScript error: resource://gre/modules/PromiseWorker.sys.mjs, line 102: Error: Could not get children of file(C:\Users\Johnsi3\AppData\Local\Temp\rust_mozprofile4dZwp1\thumbnails) because it does not exist
Exiting due to channel error.
ould not get children of file(C:\Users\Johnsi3\AppData\Local\Temp\rust_mozprofileg9ge4r\thumbnails) because it does not exist
console.error: RemoteSecuritySettings.jsm: 
  Failed to remove some intermediate certificates
console.error: RemoteSecuritySettings.jsm: 
  certStorage.addCerts failed: 2147500037
JavaScript error: resource://gre/modules/PromiseWorker.sys.mjs, line 102: Error: Could not geJavaScript error: resource://gre/modules/PromiseWorker.sys.mjs, line 102: Error: Could not get children of file(C:\UJavaScript error: , line 0: NS_ERROR_NOT_AVAILABLE
JavaScript error: resource://gre/modules/PromiseWorker.sys.mjs, line 102: Error: Could not get children of file(C:\Users\Johnsi3\AppData\Local\Temp\rust_mozprofileg9ge4r\thumbnails) because it does not exist
f\thumbnails) because it does not exist
ker.sys.mjs, line 102: Error: Could not get children of file(C:\Users\Johnsi3\AppData\Local\Temp\rust_mozprofileBcq05d\thumbnails) because it does not exist
console.error: RemoteSecuritySettings.jsm: 
  Failed to remove some intermediate certificates
console.error: RemoteSecuritySettings.jsm: 
  certStorage.addCerts failed: 2147500037
JavaScript error: resource://gre/modules/PromiseWorker.sys.mjs, line 102: Error: Could not get children of file(C:\Users\Johnsi3\AppData\Local\Temp\rust_mozprofileBcq05d\thumbnails) because it does not exist
JavaScript error: , line 0: NS_ERROR_NOT_AVAILABLE
JavaScript error: resource://gre/modules/PromiseWorker.sys.mjs, line 102: Error: Could not get children of file(C:\Users\Johnsi3\AppData\Local\Temp\rust_mozprofileBcq05d\thumbnails) because it does not exist
 ({})
1693513035461	geckodriver	INFO	Listening on 127.0.0.1:55570
1693516097955	geckodriver	INFO	Listening on 127.0.0.1:56257
1693516101062	mozrunner::runner	INFO	Running command: "C:\\Program Files\\Mozilla Firefox\\firefox.exe" "--marionette" "-headless" "-no-remote" "-profile" "C:\\Users\\Johnsi3\\AppData\\Local\\Temp\\rust_mozprofileE7LUaJ"
*** You are running in headless mode.
console.warn: services.settings: Ignoring preference override of remote settings server
console.warn: services.settings: Allow by setting MOZ_REMOTE_SETTINGS_DEVTOOLS=1 in the environment
1693516101620	Marionette	INFO	Marionette enabled
Dynamically enable window occlusion 0
1693516101702	Marionette	INFO	Listening on port 56267
Read port: 56267
1693516101893	RemoteAgent	WARN	TLS certificate errors will be ignored for this session
1693516123458	geckodriver	INFO	Listening on 127.0.0.1:56273
1693516137074	geckodriver	INFO	Listening on 127.0.0.1:56280
1693516166334	geckodriver	INFO	Listening on 127.0.0.1:56290
1693516172777	geckodriver	INFO	Listening on 127.0.0.1:56297
1693529948404	geckodriver	INFO	Listening on 127.0.0.1:57869
1693529951414	mozrunner::runner	INFO	Running command: "C:\\Program Files\\Mozilla Firefox\\firefox.exe" "--marionette" "-headless" "-no-remote" "-profile" "C:\\Users\\Johnsi3\\AppData\\Local\\Temp\\rust_mozprofilejW2pGa"
*** You are running in headless mode.
console.warn: services.settings: Ignoring preference override of remote settings server
console.warn: services.settings: Allow by setting MOZ_REMOTE_SETTINGS_DEVTOOLS=1 in the environment
1693529951958	Marionette	INFO	Marionette enabled
Dynamically enable window occlusion 0
1693529952045	Marionette	INFO	Listening on port 57880
Read port: 57880
1693529952240	RemoteAgent	WARN	TLS certificate errors will be ignored for this session
[GFX1-]: RenderCompositorSWGL failed mapping default framebuffer, no dt
console.error: ({})
JavaScript error: resource://gre/modules/PromiseWorker.sys.mjs, line 102: Error: Could not get children of file(C:\Users\Johnsi3\AppData\Local\Temp\rust_mozprofilejW2pGa\thumbnails) because it does not exist
JavaScript error: resource://gre/modules/PromiseWorker.sys.mjs, line 102: Error: Could not get children of file(C:\Users\Johnsi3\AppData\Local\Temp\rust_mozprofilejW2pGa\thumbnails) because it does not exist
JavaScript error: resource://gre/modules/PromiseWorker.sys.mjs, line 102: Error: Could not get children of file(C:\Users\Johnsi3\AppData\Local\Temp\rust_mozprofilejW2pGa\thumbnails) because it does not exist
JavaScript error: resource://gre/modules/PromiseWorker.sys.mjs, line 102: Error: Could not get children of file(C:\Users\Johnsi3\AppData\Local\Temp\rust_mozprofilejW2pGa\thumbnails) because it does not exist
JavaScript error: resource://gre/modules/PromiseWorker.sys.mjs, line 102: Error: Could not get children of file(C:\Users\Johnsi3\AppData\Local\Temp\rust_mozprofilejW2pGa\thumbnails) because it does not exist
JavaScript error: resource://gre/modules/PromiseWorker.sys.mjs, line 102: Error: Could not get children of file(C:\Users\Johnsi3\AppData\Local\Temp\rust_mozprofilejW2pGa\thumbnails) because it does not exist
JavaScript error: resource://gre/modules/PromiseWorker.sys.mjs, line 102: Error: Could not get children of file(C:\Users\Johnsi3\AppData\Local\Temp\rust_mozprofilejW2pGa\thumbnails) because it does not exist
 does not exist
JavaScript error: resource://gre/modules/PromiseWorker.sys.mjs, line 102: Error: Could not get children of file(C:\Users\Johnsi3\AppData\Local\Temp\rust_mozprofileOsLknu\thumbnails) because it does not exist
JavaScript error: resource://gre/modules/PromiseWorker.sys.mjs, line 102: Error: Could not get children of file(C:\Users\Johnsi3\AppData\Local\Temp\rust_mozprofileOsLknu\thumbnails) because it does not exist
JavaScript error: resource://gre/modules/PromiseWorker.sys.mjs, line 102: Error: Could not get children of file(C:\Users\Johnsi3\AppData\Local\Temp\rust_mozprofileOsLknu\thumbnails) because it does not exist
JavaScript error: resource://gre/modules/PromiseWorker.sys.mjs, line 102: Error: Could not get children of file(C:\Users\Johnsi3\AppData\Local\Temp\rust_mozprofileOsLknu\thumbnails) because it does not exist
ote" "-profile" "C:\\Users\\Johnsi3\\AppData\\Local\\Temp\\rust_mozprofile1RftGL"
console.warn: services.settings: Ignoring preference override of remote settings server
console.warn: services.settings: Allow by setting MOZ_REMOTE_SETTINGS_DEVTOOLS=1 in the environment
1693530371604	Marionette	INFO	Marionette enabled
Dynamically enable window occlusion 0
1693530371715	Marionette	INFO	Listening on port 58160
Read port: 58160
1693530372035	RemoteAgent	WARN	TLS certificate errors will be ignored for this session
[Parent 88584, IPC I/O Parent] WARNING: DuplicateHandle failed for handle 0 in TransferHandles: file /builds/worker/checkouts/gecko/ipc/chromium/src/chrome/common/ipc_channel_win.cc:621
[GPU 88268, IPC I/O Child] WARNING: pipe error: 232: file /builds/worker/checkouts/gecko/ipc/chromium/src/chrome/common/ipc_channel_win.cc:443
1693530609248	Marionette	INFO	Stopped listening on port 58160
Dynamically enable window occlusion 1
[Parent 88584, IPC I/O Parent] WARNING: DuplicateHandle failed for handle 0 in TransferHandles: file /builds/worker/checkouts/gecko/ipc/chromium/src/chrome/common/ipc_channel_win.cc:621
[GPU 88268, IPC I/O Child] WARNING: pipe error: 232: file /builds/worker/checkouts/gecko/ipc/chromium/src/chrome/common/ipc_channel_win.cc:443
[Parent 88584, IPC I/O Parent] WARNING: DuplicateHandle failed for handle 0 in TransferHandles: file /builds/worker/checkouts/gecko/ipc/chromium/src/chrome/common/ipc_channel_win.cc:621
[GPU 88268, IPC I/O Child] WARNING: pipe error: 232: file /builds/worker/checkouts/gecko/ipc/chromium/src/chrome/common/ipc_channel_win.cc:443
[Parent 88584, IPC I/O Parent] WARNING: DuplicateHandle failed for handle 0 in TransferHandles: file /builds/worker/checkouts/gecko/ipc/chromium/src/chrome/common/ipc_channel_win.cc:621
[GPU 88268, IPC I/O Child] WARNING: pipe error: 232: file /builds/worker/checkouts/gecko/ipc/chromium/src/chrome/common/ipc_channel_win.cc:443
[Parent 88584, IPC I/O Parent] WARNING: DuplicateHandle failed for handle 0 in TransferHandles: file /builds/worker/checkouts/gecko/ipc/chromium/src/chrome/common/ipc_channel_win.cc:621
[GPU 88268, IPC I/O Child] WARNING: pipe error: 232: file /builds/worker/checkouts/gecko/ipc/chromium/src/chrome/common/ipc_channel_win.cc:443
[Parent 88584, IPC I/O Parent] WARNING: DuplicateHandle failed for handle 0 in TransferHandles: file /builds/worker/checkouts/gecko/ipc/chromium/src/chrome/common/ipc_channel_win.cc:621
[GPU 88268, IPC I/O Child] WARNING: pipe error: 232: file /builds/worker/checkouts/gecko/ipc/chromium/src/chrome/common/ipc_channel_win.cc:443
ed for handle 0 in TransferHandles: file /builds/worker/checkouts/gecko/ipc/chromium/src/chrome/common/ipc_channel_win.cc:621
[GPU 52712, IPC I/O Child] WARNING: pipe error: 232: file /builds/worker/checkouts/gecko/ipc/chromium/src/chrome/common/ipc_channel_win.cc:443
[Parent 87060, IPC I/O Parent] WARNING: DuplicateHandle failed for handle 0 in TransferHandles: file /builds/worker/checkouts/gecko/ipc/chromium/src/chrome/common/ipc_channel_win.cc:621
[GPU 52712, IPC I/O Child] WARNING: pipe error: 232: file /builds/worker/checkouts/gecko/ipc/chromium/src/chrome/common/ipc_channel_win.cc:443
[Parent 87060, IPC I/O Parent] WARNING: DuplicateHandle failed for handle 0 in TransferHandles: file /builds/worker/checkouts/gecko/ipc/chromium/src/chrome/common/ipc_channel_win.cc:621
[GPU 52712, IPC I/O Child] WARNING: pipe error: 232: file /builds/worker/checkouts/gecko/ipc/chromium/src/chrome/common/ipc_channel_win.cc:443
1693530439440	geckodriver	INFO	Listening on 127.0.0.1:58284
1693530442446	mozrunner::runner	INFO	Running command: "C:\\Program Files\\Mozilla Firefox\\firefox.exe" "--marionette" "-no-remote" "-profile" "C:\\Users\\Johnsi3\\AppData\\Local\\Temp\\rust_mozprofilePKNSW8"
console.warn: services.settings: Ignoring preference override of remote settings server
console.warn: services.settings: Allow by setting MOZ_REMOTE_SETTINGS_DEVTOOLS=1 in the environment
1693530442986	Marionette	INFO	Marionette enabled
Dynamically enable window occlusion 0
1693530443100	Marionette	INFO	Listening on port 58295
Read port: 58295
1693530443379	RemoteAgent	WARN	TLS certificate errors will be ignored for this session
[Parent 50612, IPC I/O Parent] WARNING: DuplicateHandle failed for handle 0 in TransferHandles: file /builds/worker/checkouts/gecko/ipc/chromium/src/chrome/common/ipc_channel_win.cc:621
[GPU 16636, IPC I/O Child] WARNING: pipe error: 232: file /builds/worker/checkouts/gecko/ipc/chromium/src/chrome/common/ipc_channel_win.cc:443
console.error: (new TypeError("currentNode is null", "resource://devtools/client/inspector/shared/style-change-tracker.js", 66))
TypeError: currentNode is null: canMutationImpactCurrentStyles@resource://devtools/client/inspector/shared/style-change-tracker.js:66:20
onMutations@resource://devtools/client/inspector/shared/style-change-tracker.js:84:41
_emit@resource://devtools/shared/event-emitter.js:242:32
emit@resource://devtools/shared/event-emitter.js:186:18
emit@resource://devtools/shared/event-emitter.js:330:18
getMutations@resource://devtools/client/fronts/walker.js:309:10

console.error: (new TypeError("currentNode is null", "resource://devtools/client/inspector/shared/style-change-tracker.js", 66))
TypeError: currentNode is null: canMutationImpactCurrentStyles@resource://devtools/client/inspector/shared/style-change-tracker.js:66:20
onMutations@resource://devtools/client/inspector/shared/style-change-tracker.js:84:41
_emit@resource://devtools/shared/event-emitter.js:242:32
emit@resource://devtools/shared/event-emitter.js:186:18
emit@resource://devtools/shared/event-emitter.js:330:18
getMutations@resource://devtools/client/fronts/walker.js:309:10

[Parent 50612, IPC I/O Parent] WARNING: DuplicateHandle failed for handle 0 in TransferHandles: file /builds/worker/checkouts/gecko/ipc/chromium/src/chrome/common/ipc_channel_win.cc:621
[GPU 16636, IPC I/O Child] WARNING: pipe error: 232: file /builds/worker/checkouts/gecko/ipc/chromium/src/chrome/common/ipc_channel_win.cc:443
console.warn: "Listener for event 'frame' did not return a promise."
JavaScript warning: https://challenges.cloudflare.com/cdn-cgi/challenge-platform/h/b/orchestrate/chl_api/v1?ray=7ff99f916b640f63, line 1: WEBGL_debug_renderer_info is deprecated in Firefox and will be removed. Please use RENDERER.
console.warn: "Listener for event 'frame' did not return a promise."
console.warn: "Error while destroying front:" "inspector" (new Error("Connection closed, pending request to server0.conn0.windowGlobal10737418245/inspectorActor4, type getWalker failed\n\nRequest stack:\nrequest@resource://devtools/shared/protocol/Front.js:300:14\ngenerateRequestMethods/</frontProto[name]@resource://devtools/shared/protocol/Front/FrontClassWithSpec.js:47:19\n_getWalker@resource://devtools/client/fronts/inspector.js:84:30\ninitialize@resource://devtools/client/fronts/inspector.js:73:12\n", "resource://devtools/shared/protocol/Front.js", 106))
console.error: "Failed to start [root-node] legacy listener for target null" (new Error("Connection closed, pending request to server0.conn0.windowGlobal10737418245/inspectorActor4, type getWalker failed\n\nRequest stack:\nrequest@resource://devtools/shared/protocol/Front.js:300:14\ngenerateRequestMethods/</frontProto[name]@resource://devtools/shared/protocol/Front/FrontClassWithSpec.js:47:19\n_getWalker@resource://devtools/client/fronts/inspector.js:84:30\ninitialize@resource://devtools/client/fronts/inspector.js:73:12\n", "resource://devtools/shared/protocol/Front.js", 106))
JavaScript error: resource://devtools/shared/protocol/Front.js, line 106: Error: Connection closed, pending request to server0.conn0.windowGlobal10737418245/inspectorActor4, type getWalker failed

Request stack:
request@resource://devtools/shared/protocol/Front.js:300:14
generateRequestMethods/</frontProto[name]@resource://devtools/shared/protocol/Front/FrontClassWithSpec.js:47:19
_getWalker@resource://devtools/client/fronts/inspector.js:84:30
initialize@resource://devtools/client/fronts/inspector.js:73:12

console.warn: services.settings: Ignoring preference override of remote settings server
console.warn: services.settings: Allow by setting MOZ_REMOTE_SETTINGS_DEVTOOLS=1 in the environment
console.error: (new TypeError("lazy.AsyncShutdown.profileBeforeChange is undefined", "resource://services-settings/Database.sys.mjs", 597))
[Parent 50612, IPC I/O Parent] WARNING: DuplicateHandle failed for handle 0 in TransferHandles: file /builds/worker/checkouts/gecko/ipc/chromium/src/chrome/common/ipc_channel_win.cc:621
[GPU 16636, IPC I/O Child] WARNING: pipe error: 232: file /builds/worker/checkouts/gecko/ipc/chromium/src/chrome/common/ipc_channel_win.cc:443
console.warn: "Already started legacy listener for root-node on server0.conn0.windowGlobal8589934600/windowGlobalTarget2"
console.warn: "Listener for event 'frame' did not return a promise."
JavaScript warning: https://challenges.cloudflare.com/cdn-cgi/challenge-platform/h/b/orchestrate/chl_api/v1?ray=7ff99ff5bcc40f63, line 1: WEBGL_debug_renderer_info is deprecated in Firefox and will be removed. Please use RENDERER.
console.warn: "Listener for event 'frame' did not return a promise."
console.warn: "Error while destroying front:" "inspector" (new Error("Connection closed, pending request to server0.conn0.windowGlobal12884901893/inspectorActor4, type getWalker failed\n\nRequest stack:\nrequest@resource://devtools/shared/protocol/Front.js:300:14\ngenerateRequestMethods/</frontProto[name]@resource://devtools/shared/protocol/Front/FrontClassWithSpec.js:47:19\n_getWalker@resource://devtools/client/fronts/inspector.js:84:30\ninitialize@resource://devtools/client/fronts/inspector.js:73:12\n", "resource://devtools/shared/protocol/Front.js", 106))
console.error: "Failed to start [root-node] legacy listener for target null" (new Error("Connection closed, pending request to server0.conn0.windowGlobal12884901893/inspectorActor4, type getWalker failed\n\nRequest stack:\nrequest@resource://devtools/shared/protocol/Front.js:300:14\ngenerateRequestMethods/</frontProto[name]@resource://devtools/shared/protocol/Front/FrontClassWithSpec.js:47:19\n_getWalker@resource://devtools/client/fronts/inspector.js:84:30\ninitialize@resource://devtools/client/fronts/inspector.js:73:12\n", "resource://devtools/shared/protocol/Front.js", 106))
JavaScript error: resource://devtools/shared/protocol/Front.js, line 106: Error: Connection closed, pending request to server0.conn0.windowGlobal12884901893/inspectorActor4, type getWalker failed

Request stack:
request@resource://devtools/shared/protocol/Front.js:300:14
generateRequestMethods/</frontProto[name]@resource://devtools/shared/protocol/Front/FrontClassWithSpec.js:47:19
_getWalker@resource://devtools/client/fronts/inspector.js:84:30
initialize@resource://devtools/client/fronts/inspector.js:73:12

console.warn: services.settings: Ignoring preference override of remote settings server
console.warn: services.settings: Allow by setting MOZ_REMOTE_SETTINGS_DEVTOOLS=1 in the environment
console.error: (new TypeError("lazy.AsyncShutdown.profileBeforeChange is undefined", "resource://services-settings/Database.sys.mjs", 597))
[Parent 50612, IPC I/O Parent] WARNING: DuplicateHandle failed for handle 0 in TransferHandles: file /builds/worker/checkouts/gecko/ipc/chromium/src/chrome/common/ipc_channel_win.cc:621
[GPU 16636, IPC I/O Child] WARNING: pipe error: 232: file /builds/worker/checkouts/gecko/ipc/chromium/src/chrome/common/ipc_channel_win.cc:443
console.warn: "Already started legacy listener for root-node on server0.conn0.windowGlobal8589934605/windowGlobalTarget2"
console.warn: "Listener for event 'frame' did not return a promise."
console.warn: "Listener for event 'frame' did not return a promise."
console.warn: "Error while destroying front:" "inspector" (new Error("Connection closed, pending request to server0.conn0.windowGlobal15032385541/inspectorActor4, type getWalker failed\n\nRequest stack:\nrequest@resource://devtools/shared/protocol/Front.js:300:14\ngenerateRequestMethods/</frontProto[name]@resource://devtools/shared/protocol/Front/FrontClassWithSpec.js:47:19\n_getWalker@resource://devtools/client/fronts/inspector.js:84:30\ninitialize@resource://devtools/client/fronts/inspector.js:73:12\n", "resource://devtools/shared/protocol/Front.js", 106))
console.error: "Failed to start [root-node] legacy listener for target null" (new Error("Connection closed, pending request to server0.conn0.windowGlobal15032385541/inspectorActor4, type getWalker failed\n\nRequest stack:\nrequest@resource://devtools/shared/protocol/Front.js:300:14\ngenerateRequestMethods/</frontProto[name]@resource://devtools/shared/protocol/Front/FrontClassWithSpec.js:47:19\n_getWalker@resource://devtools/client/fronts/inspector.js:84:30\ninitialize@resource://devtools/client/fronts/inspector.js:73:12\n", "resource://devtools/shared/protocol/Front.js", 106))
JavaScript error: resource://devtools/shared/protocol/Front.js, line 106: Error: Connection closed, pending request to server0.conn0.windowGlobal15032385541/inspectorActor4, type getWalker failed

Request stack:
request@resource://devtools/shared/protocol/Front.js:300:14
generateRequestMethods/</frontProto[name]@resource://devtools/shared/protocol/Front/FrontClassWithSpec.js:47:19
_getWalker@resource://devtools/client/fronts/inspector.js:84:30
initialize@resource://devtools/client/fronts/inspector.js:73:12

JavaScript warning: https://challenges.cloudflare.com/cdn-cgi/challenge-platform/h/b/orchestrate/chl_api/v1?ray=7ff9a059bb990f63, line 1: WEBGL_debug_renderer_info is deprecated in Firefox and will be removed. Please use RENDERER.
JavaScript error: , line 0: NotFoundError: No such JSWindowActor 'DevToolsFrame'
JavaScript error: , line 0: NotFoundError: No such JSWindowActor 'DevToolsFrame'
JavaScript error: , line 0: NotFoundError: No such JSWindowActor 'DevToolsFrame'
[Parent 50612, IPC I/O Parent] WARNING: DuplicateHandle failed for handle 0 in TransferHandles: file /builds/worker/checkouts/gecko/ipc/chromium/src/chrome/common/ipc_channel_win.cc:621
[GPU 16636, IPC I/O Child] WARNING: pipe error: 232: file /builds/worker/checkouts/gecko/ipc/chromium/src/chrome/common/ipc_channel_win.cc:443
[Parent 50612, IPC I/O Parent] WARNING: DuplicateHandle failed for handle 0 in TransferHandles: file /builds/worker/checkouts/gecko/ipc/chromium/src/chrome/common/ipc_channel_win.cc:621
[GPU 16636, IPC I/O Child] WARNING: pipe error: 232: file /builds/worker/checkouts/gecko/ipc/chromium/src/chrome/common/ipc_channel_win.cc:443
JavaScript warning: https://www.google.com/xjs/_/js/k=xjs.snr.en_US.OC-fcukrPT4.O/am=ChCAgAAAAAAAACAAAKonHALYAAbgn_sAAABBABQAAAAAgKoIAAYAgve_JAOAgAAhACaAONwDACihCtgBAAAAYz8AAAAAAMACYLwAgEYAHAgBCkAAAAAA5AHAeQDDwYQFAAAAAAAAAAAAEHAJgsEB6bOAAAgAAAAAAAAAAACQSiYvBxAAABM/d=1/ed=1/dg=2/rs=ACT90oGT4MDfIqfTLhuYgOS5dyy5p4qNjA/ee=cEt90b:ws9Tlc;qddgKe:x4FYXe,d7YSfd;yxTchf:KUM7Z;dtl0hd:lLQWFe;eHDfl:ofjVkb;qaS3gd:yiLg6e;nAFL3:NTMZac,s39S4;oGtAuc:sOXFj;iFQyKf:vfuNJf,QIhFr;SNUn3:ZwDk9d,x8cHvb;io8t5d:sgY6Zb;Oj465e:KG2eXe,KG2eXe;Erl4fe:FloWmf,FloWmf;JsbNhc:Xd8iUd;sP4Vbe:VwDzFe;kMFpHd:OTA3Ae;uY49fb:COQbmf;Pjplud:PoEs9b,EEDORb;QGR0gd:Mlhmy;a56pNe:JEfCwb;Me32dd:MEeYgc;wR5FRb:TtcOte,O1Gjze;pXdRYb:JKoKVe,MdUzUe;dIoSBb:ZgGg9b;EmZ2Bf:zr1jrb;NSEoX:lazG7b;eBAeSb:Ck63tb;WCEKNd:I46Hvd;wV5Pjc:L8KGxe;EVNhjf:pw70Gc;sTsDMc:kHVSUb;wQlYve:aLUfP;zOsCQe:Ko78Df;KcokUb:KiuZBf;YV5bee:IvPZ6d;kbAm9d:MkHyGd;ZWEUA:afR4Cf;g8nkx:U4MzKc;lzgfYb:PI40bd;w9w86d:dt4g2b;GleZL:J1A7Od;bcPXSc:gSZLJb;JXS8fb:Qj0suc;IoGlCf:b5lhvb;vfVwPd:OXTqFb;ESrPQc:mNTJvc;qavrXe:zQzcXe,mYbt1d;pNsl2d:j9Yuyc;VGRfx:VFqbr;BjwMce:cXX2Wb;R9Ulx:CR7Ufe;kY7VAf:d91TEb;KpRAue:Tia57b;jY0zg:Q6tNgc;l8Azde:j4Ca9b;oSUNyd:fTfGO,fTfGO,vjQg0b;SMDL4c:fTfGO,vjQg0b;aZ61od:arTwJ;ZrFutb:W4Cdfc;K8vqCc:MyIcle;NPKaK:SdcwHb;LBgRLc:XVMNvd,SdcwHb;rQSrae:C6D5Fc;kCQyJ:ueyPK;KQzWid:mB4wNe;EABSZ:MXZt9d;TxfV6d:YORN0b;UDrY1c:eps46d;F9mqte:UoRcbe;Nyt6ic:jn2sGd;w3bZCb:ZPGaIb;G0KhTb:LIaoZ;aAJE9c:WHW6Ef;V2HTTe:RolTY;Wfmdue:g3MJlb;imqimf:jKGL2e;BgS6mb:fidj5d;UVmjEd:EesRsb;z97YGf:oug9te;AfeaP:TkrAjf;eBZ5Nd:audvde;CxXAWb:YyRLvc;VN6jIc:ddQyuf;SLtqO:Kh1xYe;tosKvd:ZCqP3;VOcgDe:YquhTb;uuQkY:u2V3ud;WDGyFe:jcVOxd;trZL0b:qY8PFe;VxQ32b:k0XsBb;DULqB:RKfG5c;Np8Qkd:Dpx6qc;cFTWae:gT8qnd;gaub4:TN6bMe;xBbsrc:NEW1Qc;DpcR3d:zL72xf;hjRo6e:F62sG;yGxLoc:FmAr0c;oUlnpc:RagDlc;R2kc8b:ALJqWb;pj82le:mg5CW;dLlj2:Qqt3Gf;qGV2uc:HHi04c;gtVSi:ekUOYd;UyG7Kb:wQd0G;LsNahb:ucGLNb;xbe2wc:uRMPBc;Q1Ow7b:x5CSu;okUaUd:wItadb;G6wU6e:hezEbd;uknmt:GkPrzb;PqHfGe:im2cZe;Fmv9Nc:O1Tzwc;hK67qb:QWEO5b;BMxAGc:E5bFse;R4IIIb:QWfeKf;whEZac:F4AmNb;tH4IIe:Ymry6;zxnPse:GkRiKb;xqZiqf:wmnU7d;lkq0A:Z0MWEf;daB6be:lMxGPd;U96pRd:FsR04;LEikZe:byfTOb,lsjVmc/m=attn,cdos,cr,fct,gwc,hsm,jsanr,mb4ZUb,d,csi,cEt90b,SNUn3,qddgKe,sTsDMc,dtl0hd,eHDfl, line 406: Script terminated by timeout at:
b@https://www.google.com/xjs/_/js/k=xjs.snr.en_US.OC-fcukrPT4.O/am=ChCAgAAAAAAAACAAAKonHALYAAbgn_sAAABBABQAAAAAgKoIAAYAgve_JAOAgAAhACaAONwDACihCtgBAAAAYz8AAAAAAMACYLwAgEYAHAgBCkAAAAAA5AHAeQDDwYQFAAAAAAAAAAAAEHAJgsEB6bOAAAgAAAAAAAAAAACQSiYvBxAAABM/d=1/ed=1/dg=2/rs=ACT90oGT4MDfIqfTLhuYgOS5dyy5p4qNjA/ee=cEt90b:ws9Tlc;qddgKe:x4FYXe,d7YSfd;yxTchf:KUM7Z;dtl0hd:lLQWFe;eHDfl:ofjVkb;qaS3gd:yiLg6e;nAFL3:NTMZac,s39S4;oGtAuc:sOXFj;iFQyKf:vfuNJf,QIhFr;SNUn3:ZwDk9d,x8cHvb;io8t5d:sgY6Zb;Oj465e:KG2eXe,KG2eXe;Erl4fe:FloWmf,FloWmf;JsbNhc:Xd8iUd;sP4Vbe:VwDzFe;kMFpHd:OTA3Ae;uY49fb:COQbmf;Pjplud:PoEs9b,EEDORb;QGR0gd:Mlhmy;a56pNe:JEfCwb;Me32dd:MEeYgc;wR5FRb:TtcOte,O1Gjze;pXdRYb:JKoKVe,MdUzUe;dIoSBb:ZgGg9b;EmZ2Bf:zr1jrb;NSEoX:lazG7b;eBAeSb:Ck63tb;WCEKNd:I46Hvd;wV5Pjc:L8KGxe;EVNhjf:pw70Gc;sTsDMc:kHVSUb;wQlYve:aLUfP;zOsCQe:Ko78Df;KcokUb:KiuZBf;YV5bee:IvPZ6d;kbAm9d:MkHyGd;ZWEUA:afR4Cf;g8nkx:U4MzKc;lzgfYb:PI40bd;w9w86d:dt4g2b;GleZL:J1A7Od;bcPXSc:gSZLJb;JXS8fb:Qj0suc;IoGlCf:b5lhvb;vfVwPd:OXTqFb;ESrPQc:mNTJvc;qavrXe:zQzcXe,mYbt1d;pNsl2d:j9Yuyc;VGRfx:VFqbr;BjwMce:cXX2Wb;R9Ulx:CR7Ufe;kY7VAf:d91TEb;KpRAue:Tia57b;jY0zg:Q6tNgc;l8Azde:j4Ca9b;oSUNyd:fTfGO,fTfGO,vjQg0b;SMDL4c:fTfGO,vjQg0b;aZ61od:arTwJ;ZrFutb:W4Cdfc;K8vqCc:MyIcle;NPKaK:SdcwHb;LBgRLc:XVMNvd,SdcwHb;rQSrae:C6D5Fc;kCQyJ:ueyPK;KQzWid:mB4wNe;EABSZ:MXZt9d;TxfV6d:YORN0b;UDrY1c:eps46d;F9mqte:UoRcbe;Nyt6ic:jn2sGd;w3bZCb:ZPGaIb;G0KhTb:LIaoZ;aAJE9c:WHW6Ef;V2HTTe:RolTY;Wfmdue:g3MJlb;imqimf:jKGL2e;BgS6mb:fidj5d;UVmjEd:EesRsb;z97YGf:oug9te;AfeaP:TkrAjf;eBZ5Nd:audvde;CxXAWb:YyRLvc;VN6jIc:ddQyuf;SLtqO:Kh1xYe;tosKvd:ZCqP3;VOcgDe:YquhTb;uuQkY:u2V3ud;WDGyFe:jcVOxd;trZL0b:qY8PFe;VxQ32b:k0XsBb;DULqB:RKfG5c;Np8Qkd:Dpx6qc;cFTWae:gT8qnd;gaub4:TN6bMe;xBbsrc:NEW1Qc;DpcR3d:zL72xf;hjRo6e:F62sG;yGxLoc:FmAr0c;oUlnpc:RagDlc;R2kc8b:ALJqWb;pj82le:mg5CW;dLlj2:Qqt3Gf;qGV2uc:HHi04c;gtVSi:ekUOYd;UyG7Kb:wQd0G;LsNahb:ucGLNb;xbe2wc:uRMPBc;Q1Ow7b:x5CSu;okUaUd:wItadb;G6wU6e:hezEbd;uknmt:GkPrzb;PqHfGe:im2cZe;Fmv9Nc:O1Tzwc;hK67qb:QWEO5b;BMxAGc:E5bFse;R4IIIb:QWfeKf;whEZac:F4AmNb;tH4IIe:Ymry6;zxnPse:GkRiKb;xqZiqf:wmnU7d;lkq0A:Z0MWEf;daB6be:lMxGPd;U96pRd:FsR04;LEikZe:byfTOb,lsjVmc/m=attn,cdos,cr,fct,gwc,hsm,jsanr,mb4ZUb,d,csi,cEt90b,SNUn3,qddgKe,sTsDMc,dtl0hd,eHDfl:406:40

[Parent 50612, IPC I/O Parent] WARNING: DuplicateHandle failed for handle 0 in TransferHandles: file /builds/worker/checkouts/gecko/ipc/chromium/src/chrome/common/ipc_channel_win.cc:621
[GPU 16636, IPC I/O Child] WARNING: pipe error: 232: file /builds/worker/checkouts/gecko/ipc/chromium/src/chrome/common/ipc_channel_win.cc:443
JavaScript warning: https://static.cloudflareinsights.com/beacon.min.js, line 1: Script terminated by timeout at:
f@https://static.cloudflareinsights.com/beacon.min.js:1:13980
104/M/</<@https://static.cloudflareinsights.com/beacon.min.js:1:14063
104/T/<@https://static.cloudflareinsights.com/beacon.min.js:1:11926
t@https://static.cloudflareinsights.com/beacon.min.js:1:11797

[Parent 50612, IPC I/O Parent] WARNING: DuplicateHandle failed for handle 0 in TransferHandles: file /builds/worker/checkouts/gecko/ipc/chromium/src/chrome/common/ipc_channel_win.cc:621
[GPU 16636, IPC I/O Child] WARNING: pipe error: 232: file /builds/worker/checkouts/gecko/ipc/chromium/src/chrome/common/ipc_channel_win.cc:443
JavaScript warning: https://www.google.com/xjs/_/js/k=xjs.snr.en_US.OC-fcukrPT4.O/am=ChCAgAAAAAAAACAAAKonHALYAAbgn_sAAABBABQAAAAAgKoIAAYAgve_JAOAgAAhACaAONwDACihCtgBAAAAYz8AAAAAAMACYLwAgEYAHAgBCkAAAAAA5AHAeQDDwYQFAAAAAAAAAAAAEHAJgsEB6bOAAAgAAAAAAAAAAACQSiYvBxAAABM/d=1/ed=1/dg=2/rs=ACT90oGT4MDfIqfTLhuYgOS5dyy5p4qNjA/ee=cEt90b:ws9Tlc;qddgKe:x4FYXe,d7YSfd;yxTchf:KUM7Z;dtl0hd:lLQWFe;eHDfl:ofjVkb;qaS3gd:yiLg6e;nAFL3:NTMZac,s39S4;oGtAuc:sOXFj;iFQyKf:vfuNJf,QIhFr;SNUn3:ZwDk9d,x8cHvb;io8t5d:sgY6Zb;Oj465e:KG2eXe,KG2eXe;Erl4fe:FloWmf,FloWmf;JsbNhc:Xd8iUd;sP4Vbe:VwDzFe;kMFpHd:OTA3Ae;uY49fb:COQbmf;Pjplud:PoEs9b,EEDORb;QGR0gd:Mlhmy;a56pNe:JEfCwb;Me32dd:MEeYgc;wR5FRb:TtcOte,O1Gjze;pXdRYb:JKoKVe,MdUzUe;dIoSBb:ZgGg9b;EmZ2Bf:zr1jrb;NSEoX:lazG7b;eBAeSb:Ck63tb;WCEKNd:I46Hvd;wV5Pjc:L8KGxe;EVNhjf:pw70Gc;sTsDMc:kHVSUb;wQlYve:aLUfP;zOsCQe:Ko78Df;KcokUb:KiuZBf;YV5bee:IvPZ6d;kbAm9d:MkHyGd;ZWEUA:afR4Cf;g8nkx:U4MzKc;lzgfYb:PI40bd;w9w86d:dt4g2b;GleZL:J1A7Od;bcPXSc:gSZLJb;JXS8fb:Qj0suc;IoGlCf:b5lhvb;vfVwPd:OXTqFb;ESrPQc:mNTJvc;qavrXe:zQzcXe,mYbt1d;pNsl2d:j9Yuyc;VGRfx:VFqbr;BjwMce:cXX2Wb;R9Ulx:CR7Ufe;kY7VAf:d91TEb;KpRAue:Tia57b;jY0zg:Q6tNgc;l8Azde:j4Ca9b;oSUNyd:fTfGO,fTfGO,vjQg0b;SMDL4c:fTfGO,vjQg0b;aZ61od:arTwJ;ZrFutb:W4Cdfc;K8vqCc:MyIcle;NPKaK:SdcwHb;LBgRLc:XVMNvd,SdcwHb;rQSrae:C6D5Fc;kCQyJ:ueyPK;KQzWid:mB4wNe;EABSZ:MXZt9d;TxfV6d:YORN0b;UDrY1c:eps46d;F9mqte:UoRcbe;Nyt6ic:jn2sGd;w3bZCb:ZPGaIb;G0KhTb:LIaoZ;aAJE9c:WHW6Ef;V2HTTe:RolTY;Wfmdue:g3MJlb;imqimf:jKGL2e;BgS6mb:fidj5d;UVmjEd:EesRsb;z97YGf:oug9te;AfeaP:TkrAjf;eBZ5Nd:audvde;CxXAWb:YyRLvc;VN6jIc:ddQyuf;SLtqO:Kh1xYe;tosKvd:ZCqP3;VOcgDe:YquhTb;uuQkY:u2V3ud;WDGyFe:jcVOxd;trZL0b:qY8PFe;VxQ32b:k0XsBb;DULqB:RKfG5c;Np8Qkd:Dpx6qc;cFTWae:gT8qnd;gaub4:TN6bMe;xBbsrc:NEW1Qc;DpcR3d:zL72xf;hjRo6e:F62sG;yGxLoc:FmAr0c;oUlnpc:RagDlc;R2kc8b:ALJqWb;pj82le:mg5CW;dLlj2:Qqt3Gf;qGV2uc:HHi04c;gtVSi:ekUOYd;UyG7Kb:wQd0G;LsNahb:ucGLNb;xbe2wc:uRMPBc;Q1Ow7b:x5CSu;okUaUd:wItadb;G6wU6e:hezEbd;uknmt:GkPrzb;PqHfGe:im2cZe;Fmv9Nc:O1Tzwc;hK67qb:QWEO5b;BMxAGc:E5bFse;R4IIIb:QWfeKf;whEZac:F4AmNb;tH4IIe:Ymry6;zxnPse:GkRiKb;xqZiqf:wmnU7d;lkq0A:Z0MWEf;daB6be:lMxGPd;U96pRd:FsR04;LEikZe:byfTOb,lsjVmc/m=attn,cdos,cr,fct,gwc,hsm,jsanr,mb4ZUb,d,csi,cEt90b,SNUn3,qddgKe,sTsDMc,dtl0hd,eHDfl, line 406: Script terminated by timeout at:
b@https://www.google.com/xjs/_/js/k=xjs.snr.en_US.OC-fcukrPT4.O/am=ChCAgAAAAAAAACAAAKonHALYAAbgn_sAAABBABQAAAAAgKoIAAYAgve_JAOAgAAhACaAONwDACihCtgBAAAAYz8AAAAAAMACYLwAgEYAHAgBCkAAAAAA5AHAeQDDwYQFAAAAAAAAAAAAEHAJgsEB6bOAAAgAAAAAAAAAAACQSiYvBxAAABM/d=1/ed=1/dg=2/rs=ACT90oGT4MDfIqfTLhuYgOS5dyy5p4qNjA/ee=cEt90b:ws9Tlc;qddgKe:x4FYXe,d7YSfd;yxTchf:KUM7Z;dtl0hd:lLQWFe;eHDfl:ofjVkb;qaS3gd:yiLg6e;nAFL3:NTMZac,s39S4;oGtAuc:sOXFj;iFQyKf:vfuNJf,QIhFr;SNUn3:ZwDk9d,x8cHvb;io8t5d:sgY6Zb;Oj465e:KG2eXe,KG2eXe;Erl4fe:FloWmf,FloWmf;JsbNhc:Xd8iUd;sP4Vbe:VwDzFe;kMFpHd:OTA3Ae;uY49fb:COQbmf;Pjplud:PoEs9b,EEDORb;QGR0gd:Mlhmy;a56pNe:JEfCwb;Me32dd:MEeYgc;wR5FRb:TtcOte,O1Gjze;pXdRYb:JKoKVe,MdUzUe;dIoSBb:ZgGg9b;EmZ2Bf:zr1jrb;NSEoX:lazG7b;eBAeSb:Ck63tb;WCEKNd:I46Hvd;wV5Pjc:L8KGxe;EVNhjf:pw70Gc;sTsDMc:kHVSUb;wQlYve:aLUfP;zOsCQe:Ko78Df;KcokUb:KiuZBf;YV5bee:IvPZ6d;kbAm9d:MkHyGd;ZWEUA:afR4Cf;g8nkx:U4MzKc;lzgfYb:PI40bd;w9w86d:dt4g2b;GleZL:J1A7Od;bcPXSc:gSZLJb;JXS8fb:Qj0suc;IoGlCf:b5lhvb;vfVwPd:OXTqFb;ESrPQc:mNTJvc;qavrXe:zQzcXe,mYbt1d;pNsl2d:j9Yuyc;VGRfx:VFqbr;BjwMce:cXX2Wb;R9Ulx:CR7Ufe;kY7VAf:d91TEb;KpRAue:Tia57b;jY0zg:Q6tNgc;l8Azde:j4Ca9b;oSUNyd:fTfGO,fTfGO,vjQg0b;SMDL4c:fTfGO,vjQg0b;aZ61od:arTwJ;ZrFutb:W4Cdfc;K8vqCc:MyIcle;NPKaK:SdcwHb;LBgRLc:XVMNvd,SdcwHb;rQSrae:C6D5Fc;kCQyJ:ueyPK;KQzWid:mB4wNe;EABSZ:MXZt9d;TxfV6d:YORN0b;UDrY1c:eps46d;F9mqte:UoRcbe;Nyt6ic:jn2sGd;w3bZCb:ZPGaIb;G0KhTb:LIaoZ;aAJE9c:WHW6Ef;V2HTTe:RolTY;Wfmdue:g3MJlb;imqimf:jKGL2e;BgS6mb:fidj5d;UVmjEd:EesRsb;z97YGf:oug9te;AfeaP:TkrAjf;eBZ5Nd:audvde;CxXAWb:YyRLvc;VN6jIc:ddQyuf;SLtqO:Kh1xYe;tosKvd:ZCqP3;VOcgDe:YquhTb;uuQkY:u2V3ud;WDGyFe:jcVOxd;trZL0b:qY8PFe;VxQ32b:k0XsBb;DULqB:RKfG5c;Np8Qkd:Dpx6qc;cFTWae:gT8qnd;gaub4:TN6bMe;xBbsrc:NEW1Qc;DpcR3d:zL72xf;hjRo6e:F62sG;yGxLoc:FmAr0c;oUlnpc:RagDlc;R2kc8b:ALJqWb;pj82le:mg5CW;dLlj2:Qqt3Gf;qGV2uc:HHi04c;gtVSi:ekUOYd;UyG7Kb:wQd0G;LsNahb:ucGLNb;xbe2wc:uRMPBc;Q1Ow7b:x5CSu;okUaUd:wItadb;G6wU6e:hezEbd;uknmt:GkPrzb;PqHfGe:im2cZe;Fmv9Nc:O1Tzwc;hK67qb:QWEO5b;BMxAGc:E5bFse;R4IIIb:QWfeKf;whEZac:F4AmNb;tH4IIe:Ymry6;zxnPse:GkRiKb;xqZiqf:wmnU7d;lkq0A:Z0MWEf;daB6be:lMxGPd;U96pRd:FsR04;LEikZe:byfTOb,lsjVmc/m=attn,cdos,cr,fct,gwc,hsm,jsanr,mb4ZUb,d,csi,cEt90b,SNUn3,qddgKe,sTsDMc,dtl0hd,eHDfl:406:40

[Parent 50612, IPC I/O Parent] WARNING: DuplicateHandle failed for handle 0 in TransferHandles: file /builds/worker/checkouts/gecko/ipc/chromium/src/chrome/common/ipc_channel_win.cc:621
[GPU 16636, IPC I/O Child] WARNING: pipe error: 232: file /builds/worker/checkouts/gecko/ipc/chromium/src/chrome/common/ipc_channel_win.cc:443
JavaScript warning: https://challenges.cloudflare.com/cdn-cgi/challenge-platform/h/b/orchestrate/chl_api/v1?ray=7ff9a0d73b520f63, line 1: WEBGL_debug_renderer_info is deprecated in Firefox and will be removed. Please use RENDERER.
console.warn: services.settings: Ignoring preference override of remote settings server
console.warn: services.settings: Allow by setting MOZ_REMOTE_SETTINGS_DEVTOOLS=1 in the environment
console.error: (new TypeError("lazy.AsyncShutdown.profileBeforeChange is undefined", "resource://services-settings/Database.sys.mjs", 597))
[Parent 50612, IPC I/O Parent] WARNING: DuplicateHandle failed for handle 0 in TransferHandles: file /builds/worker/checkouts/gecko/ipc/chromium/src/chrome/common/ipc_channel_win.cc:621
[GPU 16636, IPC I/O Child] WARNING: pipe error: 232: file /builds/worker/checkouts/gecko/ipc/chromium/src/chrome/common/ipc_channel_win.cc:443
JavaScript warning: https://challenges.cloudflare.com/cdn-cgi/challenge-platform/h/b/orchestrate/chl_api/v1?ray=7ff9a168dbeb0f63, line 1: WEBGL_debug_renderer_info is deprecated in Firefox and will be removed. Please use RENDERER.
1693530603645	Marionette	INFO	Stopped listening on port 58295
Dynamically enable window occlusion 1
[Parent 50612, IPC I/O Parent] WARNING: DuplicateHandle failed for handle 0 in TransferHandles: file /builds/worker/checkouts/gecko/ipc/chromium/src/chrome/common/ipc_channel_win.cc:621
[GPU 16636, IPC I/O Child] WARNING: pipe error: 232: file /builds/worker/checkouts/gecko/ipc/chromium/src/chrome/common/ipc_channel_win.cc:443
[Parent 50612, IPC I/O Parent] WARNING: DuplicateHandle failed for handle 0 in TransferHandles: file /builds/worker/checkouts/gecko/ipc/chromium/src/chrome/common/ipc_channel_win.cc:621
[GPU 16636, IPC I/O Child] WARNING: pipe error: 232: file /builds/worker/checkouts/gecko/ipc/chromium/src/chrome/common/ipc_channel_win.cc:443
[Parent 50612, IPC I/O Parent] WARNING: DuplicateHandle failed for handle 0 in TransferHandles: file /builds/worker/checkouts/gecko/ipc/chromium/src/chrome/common/ipc_channel_win.cc:621
[GPU 16636, IPC I/O Child] WARNING: pipe error: 232: file /builds/worker/checkouts/gecko/ipc/chromium/src/chrome/common/ipc_channel_win.cc:443
[Parent 50612, IPC I/O Parent] WARNING: DuplicateHandle failed for handle 0 in TransferHandles: file /builds/worker/checkouts/gecko/ipc/chromium/src/chrome/common/ipc_channel_win.cc:621
[GPU 16636, IPC I/O Child] WARNING: pipe error: 232: file /builds/worker/checkouts/gecko/ipc/chromium/src/chrome/common/ipc_channel_win.cc:443
[Parent 50612, IPC I/O Parent] WARNING: DuplicateHandle failed for handle 0 in TransferHandles: file /builds/worker/checkouts/gecko/ipc/chromium/src/chrome/common/ipc_channel_win.cc:621
[GPU 16636, IPC I/O Child] WARNING: pipe error: 232: file /builds/worker/checkouts/gecko/ipc/chromium/src/chrome/common/ipc_channel_win.cc:443
[Parent 50612, IPC I/O Parent] WARNING: DuplicateHandle failed for handle 0 in TransferHandles: file /builds/worker/checkouts/gecko/ipc/chromium/src/chrome/common/ipc_channel_win.cc:621
[GPU 16636, IPC I/O Child] WARNING: pipe error: 232: file /builds/worker/checkouts/gecko/ipc/chromium/src/chrome/common/ipc_channel_win.cc:443
[Parent 50612, IPC I/O Parent] WARNING: DuplicateHandle failed for handle 0 in TransferHandles: file /builds/worker/checkouts/gecko/ipc/chromium/src/chrome/common/ipc_channel_win.cc:621
[GPU 16636, IPC I/O Child] WARNING: pipe error: 232: file /builds/worker/checkouts/gecko/ipc/chromium/src/chrome/common/ipc_channel_win.cc:443
